<?xml version="1.0" encoding="UTF-8"?>
<testng-results skipped="0" failed="0" total="1" passed="1">
  <reporter-output>
  </reporter-output>
  <suite name="Default suite" duration-ms="55183" started-at="2017-01-20T14:44:26Z" finished-at="2017-01-20T14:45:21Z">
    <groups>
    </groups>
    <test name="Default test" duration-ms="55183" started-at="2017-01-20T14:44:26Z" finished-at="2017-01-20T14:45:21Z">
      <class name="TestNG.LoginPage">
        <test-method status="PASS" signature="launchapp()[pri:0, instance:TestNG.LoginPage@2f7a2457]" name="launchapp" is-config="true" duration-ms="25481" started-at="2017-01-20T20:14:26Z" finished-at="2017-01-20T20:14:51Z">
          <reporter-output>
          </reporter-output>
        </test-method> <!-- launchapp -->
        <test-method status="PASS" signature="login()[pri:0, instance:TestNG.LoginPage@2f7a2457]" name="login" duration-ms="21538" started-at="2017-01-20T20:14:51Z" finished-at="2017-01-20T20:15:13Z">
          <reporter-output>
          </reporter-output>
        </test-method> <!-- login -->
        <test-method status="PASS" signature="quit()[pri:0, instance:TestNG.LoginPage@2f7a2457]" name="quit" is-config="true" duration-ms="8104" started-at="2017-01-20T20:15:13Z" finished-at="2017-01-20T20:15:21Z">
          <reporter-output>
          </reporter-output>
        </test-method> <!-- quit -->
      </class> <!-- TestNG.LoginPage -->
    </test> <!-- Default test -->
  </suite> <!-- Default suite -->
</testng-results>
